2023/04/03 08:25:49 [notice] 1#1: using the "epoll" event method
2023/04/03 08:25:49 [notice] 1#1: nginx/1.23.3
2023/04/03 08:25:49 [notice] 1#1: built by gcc 12.2.1 20220924 (Alpine 12.2.1_git20220924-r4) 
2023/04/03 08:25:49 [notice] 1#1: OS: Linux 5.15.90.1-microsoft-standard-WSL2
2023/04/03 08:25:49 [notice] 1#1: getrlimit(RLIMIT_NOFILE): 1048576:1048576
2023/04/03 08:25:49 [notice] 1#1: start worker processes
2023/04/03 08:25:49 [notice] 1#1: start worker process 29
2023/04/03 08:25:49 [notice] 1#1: start worker process 30
2023/04/03 08:25:49 [notice] 1#1: start worker process 31
2023/04/03 08:25:49 [notice] 1#1: start worker process 32
2023/04/03 08:43:22 [error] 32#32: *17 open() "/var/www/html/caca" failed (2: No such file or directory), client: 172.21.0.1, server: , request: "GET /caca HTTP/1.1", host: "localhost:8080"
2023/04/03 08:49:17 [notice] 1#1: signal 3 (SIGQUIT) received, shutting down
2023/04/03 08:49:17 [notice] 29#29: gracefully shutting down
2023/04/03 08:49:17 [notice] 30#30: gracefully shutting down
2023/04/03 08:49:17 [notice] 29#29: exiting
2023/04/03 08:49:17 [notice] 30#30: exiting
2023/04/03 08:49:17 [notice] 30#30: exit
2023/04/03 08:49:17 [notice] 29#29: exit
2023/04/03 08:49:17 [notice] 32#32: gracefully shutting down
2023/04/03 08:49:17 [notice] 32#32: exiting
2023/04/03 08:49:17 [notice] 32#32: exit
2023/04/03 08:49:17 [notice] 31#31: gracefully shutting down
2023/04/03 08:49:17 [notice] 31#31: exiting
2023/04/03 08:49:17 [notice] 31#31: exit
2023/04/03 08:49:17 [notice] 1#1: signal 17 (SIGCHLD) received from 30
2023/04/03 08:49:17 [notice] 1#1: worker process 30 exited with code 0
2023/04/03 08:49:17 [notice] 1#1: signal 29 (SIGIO) received
2023/04/03 08:49:17 [notice] 1#1: signal 17 (SIGCHLD) received from 31
2023/04/03 08:49:17 [notice] 1#1: worker process 29 exited with code 0
2023/04/03 08:49:17 [notice] 1#1: worker process 31 exited with code 0
2023/04/03 08:49:17 [notice] 1#1: worker process 32 exited with code 0
2023/04/03 08:49:17 [notice] 1#1: exit
2023/04/03 08:51:47 [notice] 1#1: using the "epoll" event method
2023/04/03 08:51:47 [notice] 1#1: nginx/1.23.3
2023/04/03 08:51:47 [notice] 1#1: built by gcc 12.2.1 20220924 (Alpine 12.2.1_git20220924-r4) 
2023/04/03 08:51:47 [notice] 1#1: OS: Linux 5.15.90.1-microsoft-standard-WSL2
2023/04/03 08:51:47 [notice] 1#1: getrlimit(RLIMIT_NOFILE): 1048576:1048576
2023/04/03 08:51:47 [notice] 1#1: start worker processes
2023/04/03 08:51:47 [notice] 1#1: start worker process 29
2023/04/03 08:51:47 [notice] 1#1: start worker process 30
2023/04/03 08:51:47 [notice] 1#1: start worker process 31
2023/04/03 08:51:47 [notice] 1#1: start worker process 32
2023/04/03 08:53:25 [error] 31#31: *1 open() "/var/www/html/checkSQL" failed (2: No such file or directory), client: 172.22.0.1, server: , request: "GET /checkSQL HTTP/1.1", host: "localhost:8080"
2023/04/03 08:53:39 [error] 31#31: *1 open() "/var/www/html/checkSQL" failed (2: No such file or directory), client: 172.22.0.1, server: , request: "GET /checkSQL HTTP/1.1", host: "localhost:8080"
2023/04/03 08:53:58 [notice] 1#1: signal 3 (SIGQUIT) received, shutting down
2023/04/03 08:53:58 [notice] 29#29: gracefully shutting down
2023/04/03 08:53:58 [notice] 29#29: exiting
2023/04/03 08:53:58 [notice] 29#29: exit
2023/04/03 08:53:58 [notice] 32#32: gracefully shutting down
2023/04/03 08:53:58 [notice] 32#32: exiting
2023/04/03 08:53:58 [notice] 32#32: exit
2023/04/03 08:53:58 [notice] 30#30: gracefully shutting down
2023/04/03 08:53:58 [notice] 30#30: exiting
2023/04/03 08:53:58 [notice] 30#30: exit
2023/04/03 08:53:58 [notice] 31#31: gracefully shutting down
2023/04/03 08:53:58 [notice] 31#31: exiting
2023/04/03 08:53:58 [notice] 31#31: exit
2023/04/03 08:53:58 [notice] 1#1: signal 17 (SIGCHLD) received from 31
2023/04/03 08:53:58 [notice] 1#1: worker process 29 exited with code 0
2023/04/03 08:53:58 [notice] 1#1: worker process 31 exited with code 0
2023/04/03 08:53:58 [notice] 1#1: worker process 32 exited with code 0
2023/04/03 08:53:58 [notice] 1#1: signal 17 (SIGCHLD) received from 30
2023/04/03 08:53:58 [notice] 1#1: worker process 30 exited with code 0
2023/04/03 08:53:58 [notice] 1#1: exit
2023/04/03 08:54:07 [notice] 1#1: using the "epoll" event method
2023/04/03 08:54:07 [notice] 1#1: nginx/1.23.3
2023/04/03 08:54:07 [notice] 1#1: built by gcc 12.2.1 20220924 (Alpine 12.2.1_git20220924-r4) 
2023/04/03 08:54:07 [notice] 1#1: OS: Linux 5.15.90.1-microsoft-standard-WSL2
2023/04/03 08:54:07 [notice] 1#1: getrlimit(RLIMIT_NOFILE): 1048576:1048576
2023/04/03 08:54:07 [notice] 1#1: start worker processes
2023/04/03 08:54:07 [notice] 1#1: start worker process 30
2023/04/03 08:54:07 [notice] 1#1: start worker process 31
2023/04/03 08:54:07 [notice] 1#1: start worker process 32
2023/04/03 08:54:07 [notice] 1#1: start worker process 33
2023/04/03 08:54:10 [error] 30#30: *1 open() "/var/www/html/checkSQL" failed (2: No such file or directory), client: 172.23.0.1, server: , request: "GET /checkSQL HTTP/1.1", host: "localhost:8080"
2023/04/03 08:54:10 [error] 30#30: *1 open() "/var/www/html/checkSQL" failed (2: No such file or directory), client: 172.23.0.1, server: , request: "GET /checkSQL HTTP/1.1", host: "localhost:8080"
2023/04/03 08:54:11 [error] 30#30: *1 open() "/var/www/html/checkSQL" failed (2: No such file or directory), client: 172.23.0.1, server: , request: "GET /checkSQL HTTP/1.1", host: "localhost:8080"
2023/04/03 08:54:11 [error] 30#30: *1 open() "/var/www/html/checkSQL" failed (2: No such file or directory), client: 172.23.0.1, server: , request: "GET /checkSQL HTTP/1.1", host: "localhost:8080"
2023/04/03 08:54:22 [error] 30#30: *1 open() "/var/www/html/about" failed (2: No such file or directory), client: 172.23.0.1, server: , request: "GET /about HTTP/1.1", host: "localhost:8080"
2023/04/03 08:54:44 [error] 30#30: *1 open() "/var/www/html/about" failed (2: No such file or directory), client: 172.23.0.1, server: , request: "GET //about HTTP/1.1", host: "localhost:8080"
2023/04/03 09:03:19 [notice] 1#1: signal 3 (SIGQUIT) received, shutting down
2023/04/03 09:03:19 [notice] 30#30: gracefully shutting down
2023/04/03 09:03:19 [notice] 30#30: exiting
2023/04/03 09:03:19 [notice] 31#31: gracefully shutting down
2023/04/03 09:03:19 [notice] 31#31: exiting
2023/04/03 09:03:19 [notice] 30#30: exit
2023/04/03 09:03:19 [notice] 31#31: exit
2023/04/03 09:03:19 [notice] 33#33: gracefully shutting down
2023/04/03 09:03:19 [notice] 33#33: exiting
2023/04/03 09:03:19 [notice] 33#33: exit
2023/04/03 09:03:19 [notice] 32#32: gracefully shutting down
2023/04/03 09:03:19 [notice] 32#32: exiting
2023/04/03 09:03:19 [notice] 32#32: exit
2023/04/03 09:03:19 [notice] 1#1: signal 17 (SIGCHLD) received from 30
2023/04/03 09:03:19 [notice] 1#1: worker process 30 exited with code 0
2023/04/03 09:03:19 [notice] 1#1: worker process 31 exited with code 0
2023/04/03 09:03:19 [notice] 1#1: worker process 32 exited with code 0
2023/04/03 09:03:19 [notice] 1#1: signal 29 (SIGIO) received
2023/04/03 09:03:19 [notice] 1#1: signal 17 (SIGCHLD) received from 31
2023/04/03 09:03:19 [notice] 1#1: worker process 33 exited with code 0
2023/04/03 09:03:19 [notice] 1#1: exit
2023/04/03 09:03:32 [notice] 1#1: using the "epoll" event method
2023/04/03 09:03:32 [notice] 1#1: nginx/1.23.3
2023/04/03 09:03:32 [notice] 1#1: built by gcc 12.2.1 20220924 (Alpine 12.2.1_git20220924-r4) 
2023/04/03 09:03:32 [notice] 1#1: OS: Linux 5.15.90.1-microsoft-standard-WSL2
2023/04/03 09:03:32 [notice] 1#1: getrlimit(RLIMIT_NOFILE): 1048576:1048576
2023/04/03 09:03:32 [notice] 1#1: start worker processes
2023/04/03 09:03:32 [notice] 1#1: start worker process 29
2023/04/03 09:03:32 [notice] 1#1: start worker process 30
2023/04/03 09:03:32 [notice] 1#1: start worker process 31
2023/04/03 09:03:32 [notice] 1#1: start worker process 32
2023/04/03 09:03:43 [error] 29#29: *1 directory index of "/var/www/html/" is forbidden, client: 172.25.0.1, server: , request: "GET / HTTP/1.1", host: "localhost:8080"
2023/04/03 09:03:45 [error] 29#29: *1 directory index of "/var/www/html/" is forbidden, client: 172.25.0.1, server: , request: "GET / HTTP/1.1", host: "localhost:8080"
2023/04/03 09:08:57 [notice] 1#1: signal 3 (SIGQUIT) received, shutting down
2023/04/03 09:08:57 [notice] 29#29: gracefully shutting down
2023/04/03 09:08:57 [notice] 31#31: gracefully shutting down
2023/04/03 09:08:57 [notice] 29#29: exiting
2023/04/03 09:08:57 [notice] 31#31: exiting
2023/04/03 09:08:57 [notice] 31#31: exit
2023/04/03 09:08:57 [notice] 29#29: exit
2023/04/03 09:08:57 [notice] 30#30: gracefully shutting down
2023/04/03 09:08:57 [notice] 30#30: exiting
2023/04/03 09:08:57 [notice] 30#30: exit
2023/04/03 09:08:57 [notice] 32#32: gracefully shutting down
2023/04/03 09:08:57 [notice] 32#32: exiting
2023/04/03 09:08:57 [notice] 32#32: exit
2023/04/03 09:08:57 [notice] 1#1: signal 17 (SIGCHLD) received from 31
2023/04/03 09:08:57 [notice] 1#1: worker process 29 exited with code 0
2023/04/03 09:08:57 [notice] 1#1: worker process 31 exited with code 0
2023/04/03 09:08:57 [notice] 1#1: signal 29 (SIGIO) received
2023/04/03 09:08:57 [notice] 1#1: signal 17 (SIGCHLD) received from 30
2023/04/03 09:08:57 [notice] 1#1: worker process 30 exited with code 0
2023/04/03 09:08:57 [notice] 1#1: worker process 32 exited with code 0
2023/04/03 09:08:57 [notice] 1#1: exit
2023/04/03 09:09:02 [notice] 1#1: using the "epoll" event method
2023/04/03 09:09:02 [notice] 1#1: nginx/1.23.3
2023/04/03 09:09:02 [notice] 1#1: built by gcc 12.2.1 20220924 (Alpine 12.2.1_git20220924-r4) 
2023/04/03 09:09:02 [notice] 1#1: OS: Linux 5.15.90.1-microsoft-standard-WSL2
2023/04/03 09:09:02 [notice] 1#1: getrlimit(RLIMIT_NOFILE): 1048576:1048576
2023/04/03 09:09:02 [notice] 1#1: start worker processes
2023/04/03 09:09:02 [notice] 1#1: start worker process 28
2023/04/03 09:09:02 [notice] 1#1: start worker process 29
2023/04/03 09:09:02 [notice] 1#1: start worker process 30
2023/04/03 09:09:02 [notice] 1#1: start worker process 31
2023/04/03 09:13:45 [notice] 1#1: signal 3 (SIGQUIT) received, shutting down
2023/04/03 09:13:45 [notice] 29#29: gracefully shutting down
2023/04/03 09:13:45 [notice] 29#29: exiting
2023/04/03 09:13:45 [notice] 28#28: gracefully shutting down
2023/04/03 09:13:45 [notice] 28#28: exiting
2023/04/03 09:13:45 [notice] 29#29: exit
2023/04/03 09:13:45 [notice] 28#28: exit
2023/04/03 09:13:45 [notice] 30#30: gracefully shutting down
2023/04/03 09:13:45 [notice] 30#30: exiting
2023/04/03 09:13:45 [notice] 30#30: exit
2023/04/03 09:13:45 [notice] 31#31: gracefully shutting down
2023/04/03 09:13:45 [notice] 31#31: exiting
2023/04/03 09:13:45 [notice] 31#31: exit
2023/04/03 09:13:45 [notice] 1#1: signal 17 (SIGCHLD) received from 31
2023/04/03 09:13:45 [notice] 1#1: worker process 30 exited with code 0
2023/04/03 09:13:45 [notice] 1#1: worker process 31 exited with code 0
2023/04/03 09:13:45 [notice] 1#1: signal 29 (SIGIO) received
2023/04/03 09:13:45 [notice] 1#1: signal 17 (SIGCHLD) received from 29
2023/04/03 09:13:45 [notice] 1#1: worker process 28 exited with code 0
2023/04/03 09:13:45 [notice] 1#1: worker process 29 exited with code 0
2023/04/03 09:13:45 [notice] 1#1: exit
2023/04/03 09:15:06 [notice] 1#1: using the "epoll" event method
2023/04/03 09:15:06 [notice] 1#1: nginx/1.23.3
2023/04/03 09:15:06 [notice] 1#1: built by gcc 12.2.1 20220924 (Alpine 12.2.1_git20220924-r4) 
2023/04/03 09:15:06 [notice] 1#1: OS: Linux 5.15.90.1-microsoft-standard-WSL2
2023/04/03 09:15:06 [notice] 1#1: getrlimit(RLIMIT_NOFILE): 1048576:1048576
2023/04/03 09:15:06 [notice] 1#1: start worker processes
2023/04/03 09:15:06 [notice] 1#1: start worker process 28
2023/04/03 09:15:06 [notice] 1#1: start worker process 29
2023/04/03 09:15:06 [notice] 1#1: start worker process 30
2023/04/03 09:15:06 [notice] 1#1: start worker process 31
2023/04/03 09:20:17 [notice] 1#1: signal 3 (SIGQUIT) received, shutting down
2023/04/03 09:20:17 [notice] 28#28: gracefully shutting down
2023/04/03 09:20:17 [notice] 29#29: gracefully shutting down
2023/04/03 09:20:17 [notice] 28#28: exiting
2023/04/03 09:20:17 [notice] 31#31: gracefully shutting down
2023/04/03 09:20:17 [notice] 29#29: exiting
2023/04/03 09:20:17 [notice] 31#31: exiting
2023/04/03 09:20:17 [notice] 29#29: exit
2023/04/03 09:20:17 [notice] 28#28: exit
2023/04/03 09:20:17 [notice] 31#31: exit
2023/04/03 09:20:17 [notice] 30#30: gracefully shutting down
2023/04/03 09:20:17 [notice] 30#30: exiting
2023/04/03 09:20:17 [notice] 30#30: exit
2023/04/03 09:20:17 [notice] 1#1: signal 17 (SIGCHLD) received from 29
2023/04/03 09:20:17 [notice] 1#1: worker process 29 exited with code 0
2023/04/03 09:20:17 [notice] 1#1: signal 29 (SIGIO) received
2023/04/03 09:20:17 [notice] 1#1: signal 17 (SIGCHLD) received from 31
2023/04/03 09:20:17 [notice] 1#1: worker process 31 exited with code 0
2023/04/03 09:20:17 [notice] 1#1: signal 29 (SIGIO) received
2023/04/03 09:20:17 [notice] 1#1: signal 17 (SIGCHLD) received from 30
2023/04/03 09:20:17 [notice] 1#1: worker process 28 exited with code 0
2023/04/03 09:20:17 [notice] 1#1: worker process 30 exited with code 0
2023/04/03 09:20:17 [notice] 1#1: exit
2023/04/03 09:21:17 [notice] 1#1: using the "epoll" event method
2023/04/03 09:21:17 [notice] 1#1: nginx/1.23.3
2023/04/03 09:21:17 [notice] 1#1: built by gcc 12.2.1 20220924 (Alpine 12.2.1_git20220924-r4) 
2023/04/03 09:21:17 [notice] 1#1: OS: Linux 5.15.90.1-microsoft-standard-WSL2
2023/04/03 09:21:17 [notice] 1#1: getrlimit(RLIMIT_NOFILE): 1048576:1048576
2023/04/03 09:21:17 [notice] 1#1: start worker processes
2023/04/03 09:21:17 [notice] 1#1: start worker process 28
2023/04/03 09:21:17 [notice] 1#1: start worker process 29
2023/04/03 09:21:17 [notice] 1#1: start worker process 30
2023/04/03 09:21:17 [notice] 1#1: start worker process 31
2023/04/03 09:24:02 [notice] 1#1: signal 3 (SIGQUIT) received, shutting down
2023/04/03 09:24:02 [notice] 29#29: gracefully shutting down
2023/04/03 09:24:02 [notice] 29#29: exiting
2023/04/03 09:24:02 [notice] 29#29: exit
2023/04/03 09:24:02 [notice] 30#30: gracefully shutting down
2023/04/03 09:24:02 [notice] 30#30: exiting
2023/04/03 09:24:02 [notice] 30#30: exit
2023/04/03 09:24:02 [notice] 31#31: gracefully shutting down
2023/04/03 09:24:02 [notice] 31#31: exiting
2023/04/03 09:24:02 [notice] 31#31: exit
2023/04/03 09:24:02 [notice] 28#28: gracefully shutting down
2023/04/03 09:24:02 [notice] 28#28: exiting
2023/04/03 09:24:02 [notice] 28#28: exit
2023/04/03 09:24:02 [notice] 1#1: signal 17 (SIGCHLD) received from 29
2023/04/03 09:24:02 [notice] 1#1: worker process 29 exited with code 0
2023/04/03 09:24:02 [notice] 1#1: worker process 30 exited with code 0
2023/04/03 09:24:02 [notice] 1#1: worker process 31 exited with code 0
2023/04/03 09:24:02 [notice] 1#1: signal 29 (SIGIO) received
2023/04/03 09:24:02 [notice] 1#1: signal 17 (SIGCHLD) received from 28
2023/04/03 09:24:02 [notice] 1#1: worker process 28 exited with code 0
2023/04/03 09:24:02 [notice] 1#1: exit
2023/04/03 09:24:07 [notice] 1#1: using the "epoll" event method
2023/04/03 09:24:07 [notice] 1#1: nginx/1.23.3
2023/04/03 09:24:07 [notice] 1#1: built by gcc 12.2.1 20220924 (Alpine 12.2.1_git20220924-r4) 
2023/04/03 09:24:07 [notice] 1#1: OS: Linux 5.15.90.1-microsoft-standard-WSL2
2023/04/03 09:24:07 [notice] 1#1: getrlimit(RLIMIT_NOFILE): 1048576:1048576
2023/04/03 09:24:07 [notice] 1#1: start worker processes
2023/04/03 09:24:07 [notice] 1#1: start worker process 30
2023/04/03 09:24:07 [notice] 1#1: start worker process 31
2023/04/03 09:24:07 [notice] 1#1: start worker process 32
2023/04/03 09:24:07 [notice] 1#1: start worker process 33
2023/04/03 11:49:20 [notice] 1#1: signal 3 (SIGQUIT) received, shutting down
2023/04/03 11:49:20 [notice] 32#32: gracefully shutting down
2023/04/03 11:49:20 [notice] 30#30: gracefully shutting down
2023/04/03 11:49:20 [notice] 33#33: gracefully shutting down
2023/04/03 11:49:20 [notice] 30#30: exiting
2023/04/03 11:49:20 [notice] 32#32: exiting
2023/04/03 11:49:20 [notice] 33#33: exiting
2023/04/03 11:49:20 [notice] 32#32: exit
2023/04/03 11:49:20 [notice] 30#30: exit
2023/04/03 11:49:20 [notice] 33#33: exit
2023/04/03 11:49:20 [notice] 31#31: gracefully shutting down
2023/04/03 11:49:20 [notice] 31#31: exiting
2023/04/03 11:49:20 [notice] 31#31: exit
2023/04/03 11:49:20 [notice] 1#1: signal 17 (SIGCHLD) received from 31
2023/04/03 11:49:20 [notice] 1#1: worker process 30 exited with code 0
2023/04/03 11:49:20 [notice] 1#1: worker process 31 exited with code 0
2023/04/03 11:49:20 [notice] 1#1: signal 29 (SIGIO) received
2023/04/03 11:49:20 [notice] 1#1: signal 17 (SIGCHLD) received from 30
2023/04/03 11:49:20 [notice] 1#1: worker process 32 exited with code 0
2023/04/03 11:49:20 [notice] 1#1: signal 29 (SIGIO) received
2023/04/03 11:49:20 [notice] 1#1: signal 17 (SIGCHLD) received from 33
2023/04/03 11:49:20 [notice] 1#1: worker process 33 exited with code 0
2023/04/03 11:49:20 [notice] 1#1: exit
2023/04/03 11:49:28 [notice] 1#1: using the "epoll" event method
2023/04/03 11:49:28 [notice] 1#1: nginx/1.23.3
2023/04/03 11:49:28 [notice] 1#1: built by gcc 12.2.1 20220924 (Alpine 12.2.1_git20220924-r4) 
2023/04/03 11:49:28 [notice] 1#1: OS: Linux 5.15.90.1-microsoft-standard-WSL2
2023/04/03 11:49:28 [notice] 1#1: getrlimit(RLIMIT_NOFILE): 1048576:1048576
2023/04/03 11:49:28 [notice] 1#1: start worker processes
2023/04/03 11:49:28 [notice] 1#1: start worker process 29
2023/04/03 11:49:28 [notice] 1#1: start worker process 30
2023/04/03 11:49:28 [notice] 1#1: start worker process 31
2023/04/03 11:49:28 [notice] 1#1: start worker process 32
2023/04/03 12:24:55 [notice] 1#1: signal 3 (SIGQUIT) received, shutting down
2023/04/03 12:24:55 [notice] 29#29: gracefully shutting down
2023/04/03 12:24:55 [notice] 29#29: exiting
2023/04/03 12:24:55 [notice] 29#29: exit
2023/04/03 12:24:55 [notice] 31#31: gracefully shutting down
2023/04/03 12:24:55 [notice] 31#31: exiting
2023/04/03 12:24:55 [notice] 31#31: exit
2023/04/03 12:24:55 [notice] 30#30: gracefully shutting down
2023/04/03 12:24:55 [notice] 30#30: exiting
2023/04/03 12:24:55 [notice] 30#30: exit
2023/04/03 12:24:55 [notice] 32#32: gracefully shutting down
2023/04/03 12:24:55 [notice] 32#32: exiting
2023/04/03 12:24:55 [notice] 32#32: exit
2023/04/03 12:24:55 [notice] 1#1: signal 17 (SIGCHLD) received from 29
2023/04/03 12:24:55 [notice] 1#1: worker process 29 exited with code 0
2023/04/03 12:24:55 [notice] 1#1: signal 29 (SIGIO) received
2023/04/03 12:24:55 [notice] 1#1: signal 17 (SIGCHLD) received from 31
2023/04/03 12:24:55 [notice] 1#1: worker process 30 exited with code 0
2023/04/03 12:24:55 [notice] 1#1: worker process 31 exited with code 0
2023/04/03 12:24:55 [notice] 1#1: worker process 32 exited with code 0
2023/04/03 12:24:55 [notice] 1#1: exit
2023/04/03 12:25:08 [emerg] 1#1: invalid number of arguments in "location" directive in /etc/nginx/conf.d/default.conf:10
2023/04/03 12:26:04 [emerg] 1#1: invalid number of arguments in "location" directive in /etc/nginx/conf.d/default.conf:10
2023/04/03 12:26:39 [notice] 1#1: using the "epoll" event method
2023/04/03 12:26:39 [notice] 1#1: nginx/1.23.3
2023/04/03 12:26:39 [notice] 1#1: built by gcc 12.2.1 20220924 (Alpine 12.2.1_git20220924-r4) 
2023/04/03 12:26:39 [notice] 1#1: OS: Linux 5.15.90.1-microsoft-standard-WSL2
2023/04/03 12:26:39 [notice] 1#1: getrlimit(RLIMIT_NOFILE): 1048576:1048576
2023/04/03 12:26:39 [notice] 1#1: start worker processes
2023/04/03 12:26:39 [notice] 1#1: start worker process 29
2023/04/03 12:26:39 [notice] 1#1: start worker process 30
2023/04/03 12:26:39 [notice] 1#1: start worker process 31
2023/04/03 12:26:39 [notice] 1#1: start worker process 32
2023/04/03 12:29:35 [notice] 1#1: signal 3 (SIGQUIT) received, shutting down
2023/04/03 12:29:35 [notice] 29#29: gracefully shutting down
2023/04/03 12:29:35 [notice] 30#30: gracefully shutting down
2023/04/03 12:29:35 [notice] 29#29: exiting
2023/04/03 12:29:35 [notice] 30#30: exiting
2023/04/03 12:29:35 [notice] 31#31: gracefully shutting down
2023/04/03 12:29:35 [notice] 30#30: exit
2023/04/03 12:29:35 [notice] 31#31: exiting
2023/04/03 12:29:35 [notice] 31#31: exit
2023/04/03 12:29:35 [notice] 32#32: gracefully shutting down
2023/04/03 12:29:35 [notice] 32#32: exiting
2023/04/03 12:29:35 [notice] 29#29: exit
2023/04/03 12:29:35 [notice] 32#32: exit
2023/04/03 12:29:35 [notice] 1#1: signal 17 (SIGCHLD) received from 29
2023/04/03 12:29:35 [notice] 1#1: worker process 29 exited with code 0
2023/04/03 12:29:35 [notice] 1#1: worker process 30 exited with code 0
2023/04/03 12:29:35 [notice] 1#1: worker process 31 exited with code 0
2023/04/03 12:29:35 [notice] 1#1: worker process 32 exited with code 0
2023/04/03 12:29:35 [notice] 1#1: exit
2023/04/03 12:29:41 [notice] 1#1: using the "epoll" event method
2023/04/03 12:29:41 [notice] 1#1: nginx/1.23.3
2023/04/03 12:29:41 [notice] 1#1: built by gcc 12.2.1 20220924 (Alpine 12.2.1_git20220924-r4) 
2023/04/03 12:29:41 [notice] 1#1: OS: Linux 5.15.90.1-microsoft-standard-WSL2
2023/04/03 12:29:41 [notice] 1#1: getrlimit(RLIMIT_NOFILE): 1048576:1048576
2023/04/03 12:29:41 [notice] 1#1: start worker processes
2023/04/03 12:29:41 [notice] 1#1: start worker process 29
2023/04/03 12:29:41 [notice] 1#1: start worker process 30
2023/04/03 12:29:41 [notice] 1#1: start worker process 31
2023/04/03 12:29:41 [notice] 1#1: start worker process 32
2023/04/03 12:32:32 [notice] 1#1: signal 3 (SIGQUIT) received, shutting down
2023/04/03 12:32:32 [notice] 29#29: gracefully shutting down
2023/04/03 12:32:32 [notice] 32#32: gracefully shutting down
2023/04/03 12:32:32 [notice] 31#31: gracefully shutting down
2023/04/03 12:32:32 [notice] 29#29: exiting
2023/04/03 12:32:32 [notice] 32#32: exiting
2023/04/03 12:32:32 [notice] 31#31: exiting
2023/04/03 12:32:32 [notice] 29#29: exit
2023/04/03 12:32:32 [notice] 32#32: exit
2023/04/03 12:32:32 [notice] 31#31: exit
2023/04/03 12:32:32 [notice] 30#30: gracefully shutting down
2023/04/03 12:32:32 [notice] 30#30: exiting
2023/04/03 12:32:32 [notice] 30#30: exit
2023/04/03 12:32:32 [notice] 1#1: signal 17 (SIGCHLD) received from 30
2023/04/03 12:32:32 [notice] 1#1: worker process 30 exited with code 0
2023/04/03 12:32:32 [notice] 1#1: worker process 31 exited with code 0
2023/04/03 12:32:32 [notice] 1#1: worker process 32 exited with code 0
2023/04/03 12:32:32 [notice] 1#1: signal 29 (SIGIO) received
2023/04/03 12:32:32 [notice] 1#1: signal 17 (SIGCHLD) received from 32
2023/04/03 12:32:32 [notice] 1#1: worker process 29 exited with code 0
2023/04/03 12:32:32 [notice] 1#1: exit
2023/04/03 12:32:37 [notice] 1#1: using the "epoll" event method
2023/04/03 12:32:37 [notice] 1#1: nginx/1.23.3
2023/04/03 12:32:37 [notice] 1#1: built by gcc 12.2.1 20220924 (Alpine 12.2.1_git20220924-r4) 
2023/04/03 12:32:37 [notice] 1#1: OS: Linux 5.15.90.1-microsoft-standard-WSL2
2023/04/03 12:32:37 [notice] 1#1: getrlimit(RLIMIT_NOFILE): 1048576:1048576
2023/04/03 12:32:37 [notice] 1#1: start worker processes
2023/04/03 12:32:37 [notice] 1#1: start worker process 29
2023/04/03 12:32:37 [notice] 1#1: start worker process 30
2023/04/03 12:32:37 [notice] 1#1: start worker process 31
2023/04/03 12:32:37 [notice] 1#1: start worker process 32
2023/04/03 12:48:01 [notice] 1#1: signal 3 (SIGQUIT) received, shutting down
2023/04/03 12:48:01 [notice] 29#29: gracefully shutting down
2023/04/03 12:48:01 [notice] 31#31: gracefully shutting down
2023/04/03 12:48:01 [notice] 29#29: exiting
2023/04/03 12:48:01 [notice] 32#32: gracefully shutting down
2023/04/03 12:48:01 [notice] 31#31: exiting
2023/04/03 12:48:01 [notice] 32#32: exiting
2023/04/03 12:48:01 [notice] 29#29: exit
2023/04/03 12:48:01 [notice] 32#32: exit
2023/04/03 12:48:01 [notice] 30#30: gracefully shutting down
2023/04/03 12:48:01 [notice] 30#30: exiting
2023/04/03 12:48:01 [notice] 31#31: exit
2023/04/03 12:48:01 [notice] 30#30: exit
2023/04/03 12:48:02 [notice] 1#1: signal 17 (SIGCHLD) received from 29
2023/04/03 12:48:02 [notice] 1#1: worker process 29 exited with code 0
2023/04/03 12:48:02 [notice] 1#1: worker process 30 exited with code 0
2023/04/03 12:48:02 [notice] 1#1: signal 29 (SIGIO) received
2023/04/03 12:48:02 [notice] 1#1: signal 17 (SIGCHLD) received from 32
2023/04/03 12:48:02 [notice] 1#1: worker process 32 exited with code 0
2023/04/03 12:48:02 [notice] 1#1: signal 29 (SIGIO) received
2023/04/03 12:48:02 [notice] 1#1: signal 17 (SIGCHLD) received from 31
2023/04/03 12:48:02 [notice] 1#1: worker process 31 exited with code 0
2023/04/03 12:48:02 [notice] 1#1: exit
2023/04/03 12:48:09 [notice] 1#1: using the "epoll" event method
2023/04/03 12:48:09 [notice] 1#1: nginx/1.23.3
2023/04/03 12:48:09 [notice] 1#1: built by gcc 12.2.1 20220924 (Alpine 12.2.1_git20220924-r4) 
2023/04/03 12:48:09 [notice] 1#1: OS: Linux 5.15.90.1-microsoft-standard-WSL2
2023/04/03 12:48:09 [notice] 1#1: getrlimit(RLIMIT_NOFILE): 1048576:1048576
2023/04/03 12:48:09 [notice] 1#1: start worker processes
2023/04/03 12:48:09 [notice] 1#1: start worker process 29
2023/04/03 12:48:09 [notice] 1#1: start worker process 30
2023/04/03 12:48:09 [notice] 1#1: start worker process 31
2023/04/03 12:48:09 [notice] 1#1: start worker process 32
2023/04/03 12:51:32 [error] 31#31: *5 open() "/var/www/html/main.css" failed (2: No such file or directory), client: 192.168.144.1, server: , request: "GET /main.css HTTP/1.1", host: "localhost:8080"
2023/04/03 12:51:39 [notice] 1#1: signal 3 (SIGQUIT) received, shutting down
2023/04/03 12:51:39 [notice] 29#29: gracefully shutting down
2023/04/03 12:51:39 [notice] 30#30: gracefully shutting down
2023/04/03 12:51:39 [notice] 29#29: exiting
2023/04/03 12:51:39 [notice] 32#32: gracefully shutting down
2023/04/03 12:51:39 [notice] 30#30: exiting
2023/04/03 12:51:39 [notice] 32#32: exiting
2023/04/03 12:51:39 [notice] 30#30: exit
2023/04/03 12:51:39 [notice] 29#29: exit
2023/04/03 12:51:39 [notice] 32#32: exit
2023/04/03 12:51:39 [notice] 31#31: gracefully shutting down
2023/04/03 12:51:39 [notice] 31#31: exiting
2023/04/03 12:51:39 [notice] 31#31: exit
2023/04/03 12:51:40 [notice] 1#1: signal 17 (SIGCHLD) received from 31
2023/04/03 12:51:40 [notice] 1#1: worker process 30 exited with code 0
2023/04/03 12:51:40 [notice] 1#1: worker process 31 exited with code 0
2023/04/03 12:51:40 [notice] 1#1: worker process 32 exited with code 0
2023/04/03 12:51:40 [notice] 1#1: signal 29 (SIGIO) received
2023/04/03 12:51:40 [notice] 1#1: signal 17 (SIGCHLD) received from 29
2023/04/03 12:51:40 [notice] 1#1: worker process 29 exited with code 0
2023/04/03 12:51:40 [notice] 1#1: exit
2023/04/03 12:51:49 [emerg] 1#1: unexpected "}" in /etc/nginx/conf.d/default.conf:13
2023/04/03 12:52:43 [notice] 1#1: using the "epoll" event method
2023/04/03 12:52:43 [notice] 1#1: nginx/1.23.3
2023/04/03 12:52:43 [notice] 1#1: built by gcc 12.2.1 20220924 (Alpine 12.2.1_git20220924-r4) 
2023/04/03 12:52:43 [notice] 1#1: OS: Linux 5.15.90.1-microsoft-standard-WSL2
2023/04/03 12:52:43 [notice] 1#1: getrlimit(RLIMIT_NOFILE): 1048576:1048576
2023/04/03 12:52:43 [notice] 1#1: start worker processes
2023/04/03 12:52:43 [notice] 1#1: start worker process 29
2023/04/03 12:52:43 [notice] 1#1: start worker process 30
2023/04/03 12:52:43 [notice] 1#1: start worker process 31
2023/04/03 12:52:43 [notice] 1#1: start worker process 32
2023/04/03 12:53:33 [error] 29#29: *1 open() "/var/www/html/assets/css/localhost/main.css" failed (2: No such file or directory), client: 192.168.176.1, server: , request: "GET /localhost/main.css HTTP/1.1", host: "localhost:8080", referrer: "http://localhost:8080/"
2023/04/03 12:54:40 [notice] 1#1: signal 3 (SIGQUIT) received, shutting down
2023/04/03 12:54:40 [notice] 30#30: gracefully shutting down
2023/04/03 12:54:40 [notice] 30#30: exiting
2023/04/03 12:54:40 [notice] 32#32: gracefully shutting down
2023/04/03 12:54:40 [notice] 32#32: exiting
2023/04/03 12:54:40 [notice] 30#30: exit
2023/04/03 12:54:40 [notice] 32#32: exit
2023/04/03 12:54:40 [notice] 29#29: gracefully shutting down
2023/04/03 12:54:40 [notice] 29#29: exiting
2023/04/03 12:54:40 [notice] 29#29: exit
2023/04/03 12:54:40 [notice] 31#31: gracefully shutting down
2023/04/03 12:54:40 [notice] 31#31: exiting
2023/04/03 12:54:40 [notice] 31#31: exit
2023/04/03 12:54:40 [notice] 1#1: signal 17 (SIGCHLD) received from 32
2023/04/03 12:54:40 [notice] 1#1: worker process 29 exited with code 0
2023/04/03 12:54:40 [notice] 1#1: worker process 30 exited with code 0
2023/04/03 12:54:40 [notice] 1#1: worker process 32 exited with code 0
2023/04/03 12:54:40 [notice] 1#1: signal 17 (SIGCHLD) received from 29
2023/04/03 12:54:40 [notice] 1#1: worker process 31 exited with code 0
2023/04/03 12:54:40 [notice] 1#1: exit
2023/04/03 12:54:46 [notice] 1#1: using the "epoll" event method
2023/04/03 12:54:46 [notice] 1#1: nginx/1.23.3
2023/04/03 12:54:46 [notice] 1#1: built by gcc 12.2.1 20220924 (Alpine 12.2.1_git20220924-r4) 
2023/04/03 12:54:46 [notice] 1#1: OS: Linux 5.15.90.1-microsoft-standard-WSL2
2023/04/03 12:54:46 [notice] 1#1: getrlimit(RLIMIT_NOFILE): 1048576:1048576
2023/04/03 12:54:46 [notice] 1#1: start worker processes
2023/04/03 12:54:46 [notice] 1#1: start worker process 29
2023/04/03 12:54:46 [notice] 1#1: start worker process 30
2023/04/03 12:54:46 [notice] 1#1: start worker process 31
2023/04/03 12:54:46 [notice] 1#1: start worker process 32
